<?xml version="1.0" encoding="UTF-8"?>
<!-- Generated by org.testng.reporters.JUnitXMLReporter -->
<testsuite ignored="0" hostname="LAPTOP-SQU8MQNL" failures="1" tests="3" name="Error Validation Test" time="45.379" errors="0" timestamp="2022-10-24T14:50:24 IST">
  <testcase classname="rahulshettyacademy.Tests.ErrorValidations" name="IncorrectEmail" time="1.135"/>
  <testcase classname="rahulshettyacademy.Tests.ErrorValidations" name="IncorrectPassword" time="0.491">
    <skipped/>
  </testcase> <!-- IncorrectPassword -->
  <testcase classname="rahulshettyacademy.Tests.ErrorValidations" name="IncorrectPassword" time="0.471">
    <failure type="java.lang.AssertionError" message="expected [Incorrect email or password.] but found [Incorrect email password.]">
      <![CDATA[java.lang.AssertionError: expected [Incorrect email or password.] but found [Incorrect email password.]
at rahulshettyacademy.Tests.ErrorValidations.IncorrectPassword(ErrorValidations.java:32)
at java.base/java.util.ArrayList.forEach(ArrayList.java:1511)
at java.base/java.util.concurrent.FutureTask.run(FutureTask.java:264)
at java.base/java.util.concurrent.ThreadPoolExecutor.runWorker(ThreadPoolExecutor.java:1136)
at java.base/java.util.concurrent.ThreadPoolExecutor$Worker.run(ThreadPoolExecutor.java:635)
at java.base/java.lang.Thread.run(Thread.java:833)
... Removed 23 stack frames]]>
    </failure>
  </testcase> <!-- IncorrectPassword -->
</testsuite> <!-- Error Validation Test -->
